-------------------------------------------------------------------------------
Test set: TestSuite
-------------------------------------------------------------------------------
Tests run: 4, Failures: 1, Errors: 0, Skipped: 0, Time elapsed: 40.775 s <<< FAILURE! - in TestSuite
waitTest(com.packt.tests.Troubleshooting)  Time elapsed: 6.547 s  <<< FAILURE!
java.lang.AssertionError: 'Good Bye World! text is not present on the page.' expected [true] but found [false]
	at com.packt.tests.Troubleshooting.waitTest(Troubleshooting.java:32)

